[2021-08-16 15:50:41,591] {taskinstance.py:896} INFO - Dependencies all met for <TaskInstance: spotify-etl.get_recently_played_songs_data 2021-08-16T15:50:40.276899+00:00 [queued]>
[2021-08-16 15:50:41,603] {taskinstance.py:896} INFO - Dependencies all met for <TaskInstance: spotify-etl.get_recently_played_songs_data 2021-08-16T15:50:40.276899+00:00 [queued]>
[2021-08-16 15:50:41,604] {taskinstance.py:1087} INFO - 
--------------------------------------------------------------------------------
[2021-08-16 15:50:41,605] {taskinstance.py:1088} INFO - Starting attempt 1 of 1
[2021-08-16 15:50:41,605] {taskinstance.py:1089} INFO - 
--------------------------------------------------------------------------------
[2021-08-16 15:50:41,620] {taskinstance.py:1107} INFO - Executing <Task(PythonOperator): get_recently_played_songs_data> on 2021-08-16T15:50:40.276899+00:00
[2021-08-16 15:50:41,624] {standard_task_runner.py:52} INFO - Started process 1374 to run task
[2021-08-16 15:50:41,628] {standard_task_runner.py:76} INFO - Running: ['***', 'tasks', 'run', 'spotify-etl', 'get_recently_played_songs_data', '2021-08-16T15:50:40.276899+00:00', '--job-id', '36', '--pool', 'default_pool', '--raw', '--subdir', 'DAGS_FOLDER/spotify-etl/spotify-etl.py', '--cfg-path', '/tmp/tmprl2_6pd4', '--error-file', '/tmp/tmp6tszibaw']
[2021-08-16 15:50:41,629] {standard_task_runner.py:77} INFO - Job 36: Subtask get_recently_played_songs_data
[2021-08-16 15:50:41,684] {logging_mixin.py:104} INFO - Running <TaskInstance: spotify-etl.get_recently_played_songs_data 2021-08-16T15:50:40.276899+00:00 [running]> on host 4095d62d00ed
[2021-08-16 15:50:41,883] {taskinstance.py:1302} INFO - Exporting the following env vars:
AIRFLOW_CTX_DAG_OWNER=***
AIRFLOW_CTX_DAG_ID=spotify-etl
AIRFLOW_CTX_TASK_ID=get_recently_played_songs_data
AIRFLOW_CTX_EXECUTION_DATE=2021-08-16T15:50:40.276899+00:00
AIRFLOW_CTX_DAG_RUN_ID=manual__2021-08-16T15:50:40.276899+00:00
[2021-08-16 15:50:42,225] {python.py:151} INFO - Done. Returned value was: None
[2021-08-16 15:50:42,236] {taskinstance.py:1211} INFO - Marking task as SUCCESS. dag_id=spotify-etl, task_id=get_recently_played_songs_data, execution_date=20210816T155040, start_date=20210816T155041, end_date=20210816T155042
[2021-08-16 15:50:42,268] {taskinstance.py:1265} INFO - 1 downstream tasks scheduled from follow-on schedule check
[2021-08-16 15:50:42,282] {local_task_job.py:149} INFO - Task exited with return code 0
