[2021-08-16 16:38:04,314] {taskinstance.py:896} INFO - Dependencies all met for <TaskInstance: spotify-etl.get_recently_played_songs_data 2021-08-16T15:00:00+00:00 [queued]>
[2021-08-16 16:38:04,332] {taskinstance.py:896} INFO - Dependencies all met for <TaskInstance: spotify-etl.get_recently_played_songs_data 2021-08-16T15:00:00+00:00 [queued]>
[2021-08-16 16:38:04,332] {taskinstance.py:1087} INFO - 
--------------------------------------------------------------------------------
[2021-08-16 16:38:04,333] {taskinstance.py:1088} INFO - Starting attempt 1 of 1
[2021-08-16 16:38:04,334] {taskinstance.py:1089} INFO - 
--------------------------------------------------------------------------------
[2021-08-16 16:38:04,357] {taskinstance.py:1107} INFO - Executing <Task(PythonOperator): get_recently_played_songs_data> on 2021-08-16T15:00:00+00:00
[2021-08-16 16:38:04,363] {standard_task_runner.py:52} INFO - Started process 3234 to run task
[2021-08-16 16:38:04,367] {standard_task_runner.py:76} INFO - Running: ['***', 'tasks', 'run', 'spotify-etl', 'get_recently_played_songs_data', '2021-08-16T15:00:00+00:00', '--job-id', '46', '--pool', 'default_pool', '--raw', '--subdir', 'DAGS_FOLDER/spotify-etl/spotify-etl.py', '--cfg-path', '/tmp/tmp3kl98mb8', '--error-file', '/tmp/tmp2u1cqy2p']
[2021-08-16 16:38:04,368] {standard_task_runner.py:77} INFO - Job 46: Subtask get_recently_played_songs_data
[2021-08-16 16:38:04,421] {logging_mixin.py:104} INFO - Running <TaskInstance: spotify-etl.get_recently_played_songs_data 2021-08-16T15:00:00+00:00 [running]> on host 4095d62d00ed
[2021-08-16 16:38:04,471] {taskinstance.py:1302} INFO - Exporting the following env vars:
AIRFLOW_CTX_DAG_OWNER=***
AIRFLOW_CTX_DAG_ID=spotify-etl
AIRFLOW_CTX_TASK_ID=get_recently_played_songs_data
AIRFLOW_CTX_EXECUTION_DATE=2021-08-16T15:00:00+00:00
AIRFLOW_CTX_DAG_RUN_ID=scheduled__2021-08-16T15:00:00+00:00
[2021-08-16 16:38:04,792] {python.py:151} INFO - Done. Returned value was: None
[2021-08-16 16:38:04,805] {taskinstance.py:1211} INFO - Marking task as SUCCESS. dag_id=spotify-etl, task_id=get_recently_played_songs_data, execution_date=20210816T150000, start_date=20210816T163804, end_date=20210816T163804
[2021-08-16 16:38:04,844] {taskinstance.py:1265} INFO - 1 downstream tasks scheduled from follow-on schedule check
[2021-08-16 16:38:04,860] {local_task_job.py:149} INFO - Task exited with return code 0
