[2021-08-16 15:45:42,407] {taskinstance.py:896} INFO - Dependencies all met for <TaskInstance: spotify-etl.get_recently_played_songs_data 2021-08-16T15:45:41.395864+00:00 [queued]>
[2021-08-16 15:45:42,420] {taskinstance.py:896} INFO - Dependencies all met for <TaskInstance: spotify-etl.get_recently_played_songs_data 2021-08-16T15:45:41.395864+00:00 [queued]>
[2021-08-16 15:45:42,421] {taskinstance.py:1087} INFO - 
--------------------------------------------------------------------------------
[2021-08-16 15:45:42,421] {taskinstance.py:1088} INFO - Starting attempt 1 of 1
[2021-08-16 15:45:42,422] {taskinstance.py:1089} INFO - 
--------------------------------------------------------------------------------
[2021-08-16 15:45:42,485] {taskinstance.py:1107} INFO - Executing <Task(PythonOperator): get_recently_played_songs_data> on 2021-08-16T15:45:41.395864+00:00
[2021-08-16 15:45:42,490] {standard_task_runner.py:52} INFO - Started process 959 to run task
[2021-08-16 15:45:42,494] {standard_task_runner.py:76} INFO - Running: ['***', 'tasks', 'run', 'spotify-etl', 'get_recently_played_songs_data', '2021-08-16T15:45:41.395864+00:00', '--job-id', '34', '--pool', 'default_pool', '--raw', '--subdir', 'DAGS_FOLDER/spotify-etl/spotify-etl.py', '--cfg-path', '/tmp/tmpy9ecbl6x', '--error-file', '/tmp/tmppchwt0ai']
[2021-08-16 15:45:42,495] {standard_task_runner.py:77} INFO - Job 34: Subtask get_recently_played_songs_data
[2021-08-16 15:45:42,564] {logging_mixin.py:104} INFO - Running <TaskInstance: spotify-etl.get_recently_played_songs_data 2021-08-16T15:45:41.395864+00:00 [running]> on host 4095d62d00ed
[2021-08-16 15:45:42,617] {taskinstance.py:1302} INFO - Exporting the following env vars:
AIRFLOW_CTX_DAG_OWNER=***
AIRFLOW_CTX_DAG_ID=spotify-etl
AIRFLOW_CTX_TASK_ID=get_recently_played_songs_data
AIRFLOW_CTX_EXECUTION_DATE=2021-08-16T15:45:41.395864+00:00
AIRFLOW_CTX_DAG_RUN_ID=manual__2021-08-16T15:45:41.395864+00:00
[2021-08-16 15:45:42,921] {python.py:151} INFO - Done. Returned value was: None
[2021-08-16 15:45:42,934] {taskinstance.py:1211} INFO - Marking task as SUCCESS. dag_id=spotify-etl, task_id=get_recently_played_songs_data, execution_date=20210816T154541, start_date=20210816T154542, end_date=20210816T154542
[2021-08-16 15:45:42,969] {taskinstance.py:1265} INFO - 1 downstream tasks scheduled from follow-on schedule check
[2021-08-16 15:45:42,987] {local_task_job.py:149} INFO - Task exited with return code 0
