[2021-08-16 16:00:16,432] {taskinstance.py:896} INFO - Dependencies all met for <TaskInstance: spotify-etl.get_recently_played_songs_data 2021-08-16T16:00:15.390505+00:00 [queued]>
[2021-08-16 16:00:16,445] {taskinstance.py:896} INFO - Dependencies all met for <TaskInstance: spotify-etl.get_recently_played_songs_data 2021-08-16T16:00:15.390505+00:00 [queued]>
[2021-08-16 16:00:16,445] {taskinstance.py:1087} INFO - 
--------------------------------------------------------------------------------
[2021-08-16 16:00:16,446] {taskinstance.py:1088} INFO - Starting attempt 1 of 1
[2021-08-16 16:00:16,446] {taskinstance.py:1089} INFO - 
--------------------------------------------------------------------------------
[2021-08-16 16:00:16,463] {taskinstance.py:1107} INFO - Executing <Task(PythonOperator): get_recently_played_songs_data> on 2021-08-16T16:00:15.390505+00:00
[2021-08-16 16:00:16,467] {standard_task_runner.py:52} INFO - Started process 156 to run task
[2021-08-16 16:00:16,471] {standard_task_runner.py:76} INFO - Running: ['***', 'tasks', 'run', 'spotify-etl', 'get_recently_played_songs_data', '2021-08-16T16:00:15.390505+00:00', '--job-id', '40', '--pool', 'default_pool', '--raw', '--subdir', 'DAGS_FOLDER/spotify-etl/spotify-etl.py', '--cfg-path', '/tmp/tmpk5gqhmdq', '--error-file', '/tmp/tmp87xqwrli']
[2021-08-16 16:00:16,472] {standard_task_runner.py:77} INFO - Job 40: Subtask get_recently_played_songs_data
[2021-08-16 16:00:16,518] {logging_mixin.py:104} INFO - Running <TaskInstance: spotify-etl.get_recently_played_songs_data 2021-08-16T16:00:15.390505+00:00 [running]> on host 4095d62d00ed
[2021-08-16 16:00:16,570] {taskinstance.py:1302} INFO - Exporting the following env vars:
AIRFLOW_CTX_DAG_OWNER=***
AIRFLOW_CTX_DAG_ID=spotify-etl
AIRFLOW_CTX_TASK_ID=get_recently_played_songs_data
AIRFLOW_CTX_EXECUTION_DATE=2021-08-16T16:00:15.390505+00:00
AIRFLOW_CTX_DAG_RUN_ID=manual__2021-08-16T16:00:15.390505+00:00
[2021-08-16 16:00:16,858] {python.py:151} INFO - Done. Returned value was: None
[2021-08-16 16:00:16,871] {taskinstance.py:1211} INFO - Marking task as SUCCESS. dag_id=spotify-etl, task_id=get_recently_played_songs_data, execution_date=20210816T160015, start_date=20210816T160016, end_date=20210816T160016
[2021-08-16 16:00:16,914] {taskinstance.py:1265} INFO - 1 downstream tasks scheduled from follow-on schedule check
[2021-08-16 16:00:16,924] {local_task_job.py:149} INFO - Task exited with return code 0
