[2021-08-16 16:30:14,100] {taskinstance.py:896} INFO - Dependencies all met for <TaskInstance: spotify-etl.get_recently_played_songs_data 2021-08-16T16:30:12.779690+00:00 [queued]>
[2021-08-16 16:30:14,116] {taskinstance.py:896} INFO - Dependencies all met for <TaskInstance: spotify-etl.get_recently_played_songs_data 2021-08-16T16:30:12.779690+00:00 [queued]>
[2021-08-16 16:30:14,117] {taskinstance.py:1087} INFO - 
--------------------------------------------------------------------------------
[2021-08-16 16:30:14,117] {taskinstance.py:1088} INFO - Starting attempt 1 of 1
[2021-08-16 16:30:14,118] {taskinstance.py:1089} INFO - 
--------------------------------------------------------------------------------
[2021-08-16 16:30:14,134] {taskinstance.py:1107} INFO - Executing <Task(PythonOperator): get_recently_played_songs_data> on 2021-08-16T16:30:12.779690+00:00
[2021-08-16 16:30:14,138] {standard_task_runner.py:52} INFO - Started process 2587 to run task
[2021-08-16 16:30:14,143] {standard_task_runner.py:76} INFO - Running: ['***', 'tasks', 'run', 'spotify-etl', 'get_recently_played_songs_data', '2021-08-16T16:30:12.779690+00:00', '--job-id', '42', '--pool', 'default_pool', '--raw', '--subdir', 'DAGS_FOLDER/spotify-etl/spotify-etl.py', '--cfg-path', '/tmp/tmprxw3_dgb', '--error-file', '/tmp/tmprqr1v_1q']
[2021-08-16 16:30:14,144] {standard_task_runner.py:77} INFO - Job 42: Subtask get_recently_played_songs_data
[2021-08-16 16:30:14,202] {logging_mixin.py:104} INFO - Running <TaskInstance: spotify-etl.get_recently_played_songs_data 2021-08-16T16:30:12.779690+00:00 [running]> on host 4095d62d00ed
[2021-08-16 16:30:14,350] {taskinstance.py:1302} INFO - Exporting the following env vars:
AIRFLOW_CTX_DAG_OWNER=***
AIRFLOW_CTX_DAG_ID=spotify-etl
AIRFLOW_CTX_TASK_ID=get_recently_played_songs_data
AIRFLOW_CTX_EXECUTION_DATE=2021-08-16T16:30:12.779690+00:00
AIRFLOW_CTX_DAG_RUN_ID=manual__2021-08-16T16:30:12.779690+00:00
[2021-08-16 16:30:14,713] {python.py:151} INFO - Done. Returned value was: None
[2021-08-16 16:30:14,728] {taskinstance.py:1211} INFO - Marking task as SUCCESS. dag_id=spotify-etl, task_id=get_recently_played_songs_data, execution_date=20210816T163012, start_date=20210816T163014, end_date=20210816T163014
[2021-08-16 16:30:14,767] {taskinstance.py:1265} INFO - 1 downstream tasks scheduled from follow-on schedule check
[2021-08-16 16:30:14,796] {local_task_job.py:149} INFO - Task exited with return code 0
