[2021-08-16 15:06:03,025] {taskinstance.py:896} INFO - Dependencies all met for <TaskInstance: spotify-etl.get_recently_played_songs_data 2021-08-16T15:06:01.724909+00:00 [queued]>
[2021-08-16 15:06:03,038] {taskinstance.py:896} INFO - Dependencies all met for <TaskInstance: spotify-etl.get_recently_played_songs_data 2021-08-16T15:06:01.724909+00:00 [queued]>
[2021-08-16 15:06:03,039] {taskinstance.py:1087} INFO - 
--------------------------------------------------------------------------------
[2021-08-16 15:06:03,039] {taskinstance.py:1088} INFO - Starting attempt 1 of 1
[2021-08-16 15:06:03,040] {taskinstance.py:1089} INFO - 
--------------------------------------------------------------------------------
[2021-08-16 15:06:03,056] {taskinstance.py:1107} INFO - Executing <Task(PythonOperator): get_recently_played_songs_data> on 2021-08-16T15:06:01.724909+00:00
[2021-08-16 15:06:03,060] {standard_task_runner.py:52} INFO - Started process 801 to run task
[2021-08-16 15:06:03,065] {standard_task_runner.py:76} INFO - Running: ['***', 'tasks', 'run', 'spotify-etl', 'get_recently_played_songs_data', '2021-08-16T15:06:01.724909+00:00', '--job-id', '16', '--pool', 'default_pool', '--raw', '--subdir', 'DAGS_FOLDER/spotify-etl.py', '--cfg-path', '/tmp/tmpkyq3_1_o', '--error-file', '/tmp/tmpujaz9zne']
[2021-08-16 15:06:03,066] {standard_task_runner.py:77} INFO - Job 16: Subtask get_recently_played_songs_data
[2021-08-16 15:06:03,117] {logging_mixin.py:104} INFO - Running <TaskInstance: spotify-etl.get_recently_played_songs_data 2021-08-16T15:06:01.724909+00:00 [running]> on host 4095d62d00ed
[2021-08-16 15:06:03,176] {taskinstance.py:1302} INFO - Exporting the following env vars:
AIRFLOW_CTX_DAG_OWNER=***
AIRFLOW_CTX_DAG_ID=spotify-etl
AIRFLOW_CTX_TASK_ID=get_recently_played_songs_data
AIRFLOW_CTX_EXECUTION_DATE=2021-08-16T15:06:01.724909+00:00
AIRFLOW_CTX_DAG_RUN_ID=manual__2021-08-16T15:06:01.724909+00:00
[2021-08-16 15:06:03,478] {python.py:151} INFO - Done. Returned value was: None
[2021-08-16 15:06:03,492] {taskinstance.py:1211} INFO - Marking task as SUCCESS. dag_id=spotify-etl, task_id=get_recently_played_songs_data, execution_date=20210816T150601, start_date=20210816T150603, end_date=20210816T150603
[2021-08-16 15:06:03,534] {taskinstance.py:1265} INFO - 1 downstream tasks scheduled from follow-on schedule check
[2021-08-16 15:06:03,557] {local_task_job.py:149} INFO - Task exited with return code 0
