[2021-08-16 16:33:18,900] {taskinstance.py:896} INFO - Dependencies all met for <TaskInstance: spotify-etl.insert_into_database 2021-08-16T16:33:15.422702+00:00 [queued]>
[2021-08-16 16:33:18,912] {taskinstance.py:896} INFO - Dependencies all met for <TaskInstance: spotify-etl.insert_into_database 2021-08-16T16:33:15.422702+00:00 [queued]>
[2021-08-16 16:33:18,912] {taskinstance.py:1087} INFO - 
--------------------------------------------------------------------------------
[2021-08-16 16:33:18,913] {taskinstance.py:1088} INFO - Starting attempt 1 of 1
[2021-08-16 16:33:18,913] {taskinstance.py:1089} INFO - 
--------------------------------------------------------------------------------
[2021-08-16 16:33:18,933] {taskinstance.py:1107} INFO - Executing <Task(PythonOperator): insert_into_database> on 2021-08-16T16:33:15.422702+00:00
[2021-08-16 16:33:18,939] {standard_task_runner.py:52} INFO - Started process 2839 to run task
[2021-08-16 16:33:18,943] {standard_task_runner.py:76} INFO - Running: ['***', 'tasks', 'run', 'spotify-etl', 'insert_into_database', '2021-08-16T16:33:15.422702+00:00', '--job-id', '45', '--pool', 'default_pool', '--raw', '--subdir', 'DAGS_FOLDER/spotify-etl/spotify-etl.py', '--cfg-path', '/tmp/tmpn014a5_r', '--error-file', '/tmp/tmppcjhdocu']
[2021-08-16 16:33:18,944] {standard_task_runner.py:77} INFO - Job 45: Subtask insert_into_database
[2021-08-16 16:33:18,994] {logging_mixin.py:104} INFO - Running <TaskInstance: spotify-etl.insert_into_database 2021-08-16T16:33:15.422702+00:00 [running]> on host 4095d62d00ed
[2021-08-16 16:33:19,102] {taskinstance.py:1302} INFO - Exporting the following env vars:
AIRFLOW_CTX_DAG_OWNER=***
AIRFLOW_CTX_DAG_ID=spotify-etl
AIRFLOW_CTX_TASK_ID=insert_into_database
AIRFLOW_CTX_EXECUTION_DATE=2021-08-16T16:33:15.422702+00:00
AIRFLOW_CTX_DAG_RUN_ID=manual__2021-08-16T16:33:15.422702+00:00
[2021-08-16 16:33:19,201] {logging_mixin.py:104} INFO - Started insertion...
[2021-08-16 16:33:19,241] {logging_mixin.py:104} INFO - Insertion finished!
[2021-08-16 16:33:19,242] {python.py:151} INFO - Done. Returned value was: None
[2021-08-16 16:33:19,272] {taskinstance.py:1211} INFO - Marking task as SUCCESS. dag_id=spotify-etl, task_id=insert_into_database, execution_date=20210816T163315, start_date=20210816T163318, end_date=20210816T163319
[2021-08-16 16:33:19,323] {taskinstance.py:1265} INFO - 0 downstream tasks scheduled from follow-on schedule check
[2021-08-16 16:33:19,356] {local_task_job.py:149} INFO - Task exited with return code 0
