[2021-08-16 14:59:56,495] {taskinstance.py:896} INFO - Dependencies all met for <TaskInstance: spotify-etl.get_recently_played_songs_data 2021-08-16T14:59:55.215018+00:00 [queued]>
[2021-08-16 14:59:56,508] {taskinstance.py:896} INFO - Dependencies all met for <TaskInstance: spotify-etl.get_recently_played_songs_data 2021-08-16T14:59:55.215018+00:00 [queued]>
[2021-08-16 14:59:56,509] {taskinstance.py:1087} INFO - 
--------------------------------------------------------------------------------
[2021-08-16 14:59:56,509] {taskinstance.py:1088} INFO - Starting attempt 1 of 1
[2021-08-16 14:59:56,509] {taskinstance.py:1089} INFO - 
--------------------------------------------------------------------------------
[2021-08-16 14:59:56,526] {taskinstance.py:1107} INFO - Executing <Task(PythonOperator): get_recently_played_songs_data> on 2021-08-16T14:59:55.215018+00:00
[2021-08-16 14:59:56,532] {standard_task_runner.py:52} INFO - Started process 300 to run task
[2021-08-16 14:59:56,537] {standard_task_runner.py:76} INFO - Running: ['***', 'tasks', 'run', 'spotify-etl', 'get_recently_played_songs_data', '2021-08-16T14:59:55.215018+00:00', '--job-id', '14', '--pool', 'default_pool', '--raw', '--subdir', 'DAGS_FOLDER/spotify-etl.py', '--cfg-path', '/tmp/tmpfytfp5sp', '--error-file', '/tmp/tmpojtnowuh']
[2021-08-16 14:59:56,538] {standard_task_runner.py:77} INFO - Job 14: Subtask get_recently_played_songs_data
[2021-08-16 14:59:56,585] {logging_mixin.py:104} INFO - Running <TaskInstance: spotify-etl.get_recently_played_songs_data 2021-08-16T14:59:55.215018+00:00 [running]> on host 4095d62d00ed
[2021-08-16 14:59:56,636] {taskinstance.py:1302} INFO - Exporting the following env vars:
AIRFLOW_CTX_DAG_OWNER=***
AIRFLOW_CTX_DAG_ID=spotify-etl
AIRFLOW_CTX_TASK_ID=get_recently_played_songs_data
AIRFLOW_CTX_EXECUTION_DATE=2021-08-16T14:59:55.215018+00:00
AIRFLOW_CTX_DAG_RUN_ID=manual__2021-08-16T14:59:55.215018+00:00
[2021-08-16 14:59:56,958] {python.py:151} INFO - Done. Returned value was:                                     song_name  ...   timestamp
0                                That's On Me  ...  2021-08-14
1   Pretty Little Birds (feat. Isaiah Rashad)  ...  2021-08-14
2                                 Normal Girl  ...  2021-08-14
3   Wavy (Interlude) (feat. James Fauntleroy)  ...  2021-08-14
4                                    Anything  ...  2021-08-14
5                               Broken Clocks  ...  2021-08-14
6                    Garden (Say It Like Dat)  ...  2021-08-14
7                                     Go Gina  ...  2021-08-14
8                                 The Weekend  ...  2021-08-14
9                                        Prom  ...  2021-08-14
10                             Drew Barrymore  ...  2021-08-14
11                                No Mistakes  ...  2021-08-14
12                             Wouldn't Leave  ...  2021-08-14
13                                      Yikes  ...  2021-08-14
14                                 Ghost Town  ...  2021-08-14
15                     Dreams - 2004 Remaster  ...  2021-08-14
16                   Kiss Me More (feat. SZA)  ...  2021-08-14
17                               Need To Know  ...  2021-08-14
18                          Get Into It (Yuh)  ...  2021-08-14
19                  Payday (feat. Young Thug)  ...  2021-08-14

[20 rows x 4 columns]
[2021-08-16 14:59:56,980] {xcom.py:229} ERROR - Could not serialize the XCom value into JSON. If you are using pickle instead of JSON for XCom, then you need to enable pickle support for XCom in your *** config.
[2021-08-16 14:59:56,980] {taskinstance.py:1501} ERROR - Task failed with exception
Traceback (most recent call last):
  File "/home/airflow/.local/lib/python3.6/site-packages/airflow/models/taskinstance.py", line 1157, in _run_raw_task
    self._prepare_and_execute_task_with_callbacks(context, task)
  File "/home/airflow/.local/lib/python3.6/site-packages/airflow/models/taskinstance.py", line 1331, in _prepare_and_execute_task_with_callbacks
    result = self._execute_task(context, task_copy)
  File "/home/airflow/.local/lib/python3.6/site-packages/airflow/models/taskinstance.py", line 1364, in _execute_task
    self.xcom_push(key=XCOM_RETURN_KEY, value=result)
  File "/home/airflow/.local/lib/python3.6/site-packages/airflow/utils/session.py", line 70, in wrapper
    return func(*args, session=session, **kwargs)
  File "/home/airflow/.local/lib/python3.6/site-packages/airflow/models/taskinstance.py", line 1943, in xcom_push
    session=session,
  File "/home/airflow/.local/lib/python3.6/site-packages/airflow/utils/session.py", line 67, in wrapper
    return func(*args, **kwargs)
  File "/home/airflow/.local/lib/python3.6/site-packages/airflow/models/xcom.py", line 79, in set
    value = XCom.serialize_value(value)
  File "/home/airflow/.local/lib/python3.6/site-packages/airflow/models/xcom.py", line 226, in serialize_value
    return json.dumps(value).encode('UTF-8')
  File "/usr/local/lib/python3.6/json/__init__.py", line 231, in dumps
    return _default_encoder.encode(obj)
  File "/usr/local/lib/python3.6/json/encoder.py", line 199, in encode
    chunks = self.iterencode(o, _one_shot=True)
  File "/usr/local/lib/python3.6/json/encoder.py", line 257, in iterencode
    return _iterencode(o, 0)
  File "/usr/local/lib/python3.6/json/encoder.py", line 180, in default
    o.__class__.__name__)
TypeError: Object of type 'DataFrame' is not JSON serializable
[2021-08-16 14:59:56,983] {taskinstance.py:1551} INFO - Marking task as FAILED. dag_id=spotify-etl, task_id=get_recently_played_songs_data, execution_date=20210816T145955, start_date=20210816T145956, end_date=20210816T145956
[2021-08-16 14:59:57,030] {local_task_job.py:149} INFO - Task exited with return code 1
